<?xml version="1.0" encoding="UTF-8"?>
<testng-results ignored="0" total="5" passed="4" failed="1" skipped="0">
  <reporter-output>
  </reporter-output>
  <suite started-at="2025-03-31T21:07:04 IST" name="Default suite" finished-at="2025-03-31T21:07:32 IST" duration-ms="28343">
    <groups>
      <group name="search">
        <method signature="Search.verifySearchWithValidData(java.lang.String,java.lang.String)[pri:1, instance:com.test.selenium.Search@93cf163]" name="verifySearchWithValidData" class="com.test.selenium.Search"/>
      </group> <!-- search -->
    </groups>
    <test started-at="2025-03-31T21:07:04 IST" name="Default test" finished-at="2025-03-31T21:07:32 IST" duration-ms="28343">
      <class name="com.test.selenium.Search">
        <test-method is-config="true" signature="setup()[pri:0, instance:com.test.selenium.Search@93cf163]" started-at="2025-03-31T21:07:04 IST" name="setup" finished-at="2025-03-31T21:07:08 IST" duration-ms="3713" status="PASS">
          <reporter-output>
          </reporter-output>
        </test-method> <!-- setup -->
        <test-method signature="verifySearchWithValidData(java.lang.String,java.lang.String)[pri:1, instance:com.test.selenium.Search@93cf163]" started-at="2025-03-31T21:07:08 IST" name="verifySearchWithValidData" data-provider="searchData" finished-at="2025-03-31T21:07:09 IST" duration-ms="572" status="PASS">
          <params>
            <param index="0">
              <value>
                <![CDATA[imac]]>
              </value>
            </param>
            <param index="1">
              <value>
                <![CDATA[Search - imac]]>
              </value>
            </param>
          </params>
          <reporter-output>
          </reporter-output>
        </test-method> <!-- verifySearchWithValidData -->
        <test-method is-config="true" signature="tearDown()[pri:0, instance:com.test.selenium.Search@93cf163]" started-at="2025-03-31T21:07:09 IST" name="tearDown" finished-at="2025-03-31T21:07:09 IST" duration-ms="194" status="PASS">
          <reporter-output>
          </reporter-output>
        </test-method> <!-- tearDown -->
        <test-method is-config="true" signature="setup()[pri:0, instance:com.test.selenium.Search@93cf163]" started-at="2025-03-31T21:07:09 IST" name="setup" finished-at="2025-03-31T21:07:11 IST" duration-ms="2181" status="PASS">
          <reporter-output>
          </reporter-output>
        </test-method> <!-- setup -->
        <test-method signature="verifySearchWithValidData(java.lang.String,java.lang.String)[pri:1, instance:com.test.selenium.Search@93cf163]" started-at="2025-03-31T21:07:11 IST" name="verifySearchWithValidData" data-provider="searchData" finished-at="2025-03-31T21:07:12 IST" duration-ms="557" status="PASS">
          <params>
            <param index="0">
              <value>
                <![CDATA[iphone]]>
              </value>
            </param>
            <param index="1">
              <value>
                <![CDATA[Search - iphone]]>
              </value>
            </param>
          </params>
          <reporter-output>
          </reporter-output>
        </test-method> <!-- verifySearchWithValidData -->
        <test-method is-config="true" signature="tearDown()[pri:0, instance:com.test.selenium.Search@93cf163]" started-at="2025-03-31T21:07:12 IST" name="tearDown" finished-at="2025-03-31T21:07:12 IST" duration-ms="165" status="PASS">
          <reporter-output>
          </reporter-output>
        </test-method> <!-- tearDown -->
        <test-method is-config="true" signature="setup()[pri:0, instance:com.test.selenium.Search@93cf163]" started-at="2025-03-31T21:07:12 IST" name="setup" finished-at="2025-03-31T21:07:13 IST" duration-ms="1377" status="PASS">
          <reporter-output>
          </reporter-output>
        </test-method> <!-- setup -->
        <test-method signature="verifySearchWithValidData(java.lang.String,java.lang.String)[pri:1, instance:com.test.selenium.Search@93cf163]" started-at="2025-03-31T21:07:13 IST" name="verifySearchWithValidData" data-provider="searchData" finished-at="2025-03-31T21:07:15 IST" duration-ms="1370" status="FAIL">
          <params>
            <param index="0">
              <value>
                <![CDATA[canon]]>
              </value>
            </param>
            <param index="1">
              <value>
                <![CDATA[Search - canon]]>
              </value>
            </param>
          </params>
          <exception class="java.lang.AssertionError">
            <message>
              <![CDATA[expected [true] but found [false]]]>
            </message>
            <full-stacktrace>
              <![CDATA[java.lang.AssertionError: expected [true] but found [false]
at org.testng.Assert.fail(Assert.java:111)
at org.testng.Assert.failNotEquals(Assert.java:1590)
at org.testng.Assert.assertTrue(Assert.java:57)
at org.testng.Assert.assertTrue(Assert.java:67)
at com.test.selenium.Search.verifySearchWithValidData(Search.java:46)
at java.base/jdk.internal.reflect.DirectMethodHandleAccessor.invoke(DirectMethodHandleAccessor.java:103)
at java.base/java.lang.reflect.Method.invoke(Method.java:580)
at org.testng.internal.invokers.MethodInvocationHelper.invokeMethod(MethodInvocationHelper.java:141)
at org.testng.internal.invokers.TestInvoker.invokeMethod(TestInvoker.java:687)
at org.testng.internal.invokers.TestInvoker.invokeTestMethod(TestInvoker.java:230)
at org.testng.internal.invokers.MethodRunner.runInSequence(MethodRunner.java:63)
at org.testng.internal.invokers.TestInvoker$MethodInvocationAgent.invoke(TestInvoker.java:995)
at org.testng.internal.invokers.TestInvoker.invokeTestMethods(TestInvoker.java:203)
at org.testng.internal.invokers.TestMethodWorker.invokeTestMethods(TestMethodWorker.java:154)
at org.testng.internal.invokers.TestMethodWorker.run(TestMethodWorker.java:134)
at java.base/java.util.ArrayList.forEach(ArrayList.java:1596)
at org.testng.TestRunner.privateRun(TestRunner.java:741)
at org.testng.TestRunner.run(TestRunner.java:616)
at org.testng.SuiteRunner.runTest(SuiteRunner.java:421)
at org.testng.SuiteRunner.runSequentially(SuiteRunner.java:413)
at org.testng.SuiteRunner.privateRun(SuiteRunner.java:373)
at org.testng.SuiteRunner.run(SuiteRunner.java:312)
at org.testng.SuiteRunnerWorker.runSuite(SuiteRunnerWorker.java:52)
at org.testng.SuiteRunnerWorker.run(SuiteRunnerWorker.java:95)
at org.testng.TestNG.runSuitesSequentially(TestNG.java:1274)
at org.testng.TestNG.runSuitesLocally(TestNG.java:1208)
at org.testng.TestNG.runSuites(TestNG.java:1112)
at org.testng.TestNG.run(TestNG.java:1079)
at org.testng.remote.AbstractRemoteTestNG.run(AbstractRemoteTestNG.java:115)
at org.testng.remote.RemoteTestNG.initAndRun(RemoteTestNG.java:293)
at org.testng.remote.RemoteTestNG.main(RemoteTestNG.java:91)
]]>
            </full-stacktrace>
          </exception> <!-- java.lang.AssertionError -->
          <reporter-output>
          </reporter-output>
        </test-method> <!-- verifySearchWithValidData -->
        <test-method is-config="true" signature="tearDown()[pri:0, instance:com.test.selenium.Search@93cf163]" started-at="2025-03-31T21:07:15 IST" name="tearDown" finished-at="2025-03-31T21:07:15 IST" duration-ms="215" status="PASS">
          <reporter-output>
          </reporter-output>
        </test-method> <!-- tearDown -->
        <test-method is-config="true" signature="setup()[pri:0, instance:com.test.selenium.Search@93cf163]" started-at="2025-03-31T21:07:15 IST" name="setup" finished-at="2025-03-31T21:07:17 IST" duration-ms="2005" status="PASS">
          <reporter-output>
          </reporter-output>
        </test-method> <!-- setup -->
        <test-method signature="verifySearchWithValidData(java.lang.String,java.lang.String)[pri:1, instance:com.test.selenium.Search@93cf163]" started-at="2025-03-31T21:07:17 IST" name="verifySearchWithValidData" data-provider="searchData" finished-at="2025-03-31T21:07:27 IST" duration-ms="10441" status="PASS">
          <params>
            <param index="0">
              <value>
                <![CDATA[nvidia]]>
              </value>
            </param>
            <param index="1">
              <value>
                <![CDATA[Search - nvidia]]>
              </value>
            </param>
          </params>
          <reporter-output>
          </reporter-output>
        </test-method> <!-- verifySearchWithValidData -->
        <test-method is-config="true" signature="tearDown()[pri:0, instance:com.test.selenium.Search@93cf163]" started-at="2025-03-31T21:07:27 IST" name="tearDown" finished-at="2025-03-31T21:07:28 IST" duration-ms="226" status="PASS">
          <reporter-output>
          </reporter-output>
        </test-method> <!-- tearDown -->
        <test-method is-config="true" signature="setup()[pri:0, instance:com.test.selenium.Search@93cf163]" started-at="2025-03-31T21:07:28 IST" name="setup" finished-at="2025-03-31T21:07:29 IST" duration-ms="1401" status="PASS">
          <reporter-output>
          </reporter-output>
        </test-method> <!-- setup -->
        <test-method signature="verifySearchWithValidData(java.lang.String,java.lang.String)[pri:1, instance:com.test.selenium.Search@93cf163]" started-at="2025-03-31T21:07:29 IST" name="verifySearchWithValidData" data-provider="searchData" finished-at="2025-03-31T21:07:32 IST" duration-ms="3022" status="PASS">
          <params>
            <param index="0">
              <value>
                <![CDATA[macbook]]>
              </value>
            </param>
            <param index="1">
              <value>
                <![CDATA[Search - macbook]]>
              </value>
            </param>
          </params>
          <reporter-output>
          </reporter-output>
        </test-method> <!-- verifySearchWithValidData -->
        <test-method is-config="true" signature="tearDown()[pri:0, instance:com.test.selenium.Search@93cf163]" started-at="2025-03-31T21:07:32 IST" name="tearDown" finished-at="2025-03-31T21:07:32 IST" duration-ms="182" status="PASS">
          <reporter-output>
          </reporter-output>
        </test-method> <!-- tearDown -->
      </class> <!-- com.test.selenium.Search -->
    </test> <!-- Default test -->
  </suite> <!-- Default suite -->
</testng-results>
